Copyright 1986-2019 Xilinx, Inc. All Rights Reserved.
---------------------------------------------------------------------------------------------------------------------
| Tool Version : Vivado v.2019.2 (lin64) Build 2708876 Wed Nov  6 21:39:14 MST 2019
| Date         : Mon Jul 20 12:29:14 2026
| Host         : archlinux running 64-bit unknown
| Command      : report_drc -file rv32i_soc_drc_routed.rpt -pb rv32i_soc_drc_routed.pb -rpx rv32i_soc_drc_routed.rpx
| Design       : rv32i_soc
| Device       : xc7a35tcpg236-1
| Speed File   : -1
| Design State : Fully Routed
---------------------------------------------------------------------------------------------------------------------

Report DRC

Table of Contents
-----------------
1. REPORT SUMMARY
2. REPORT DETAILS

1. REPORT SUMMARY
-----------------
            Netlist: netlist
          Floorplan: design_1
      Design limits: <entire design considered>
           Ruledeck: default
             Max violations: <unlimited>
             Violations found: 22
+-----------+----------+---------------------------------+------------+
| Rule      | Severity | Description                     | Violations |
+-----------+----------+---------------------------------+------------+
| CHECK-3   | Warning  | Report rule limit reached       | 1          |
| REQP-1839 | Warning  | RAMB36 async control check      | 20         |
| RPBF-3    | Warning  | IO port buffering is incomplete | 1          |
+-----------+----------+---------------------------------+------------+

2. REPORT DETAILS
-----------------
CHECK-3#1 Warning
Report rule limit reached  
REQP-1839 rule limit reached: 20 violations have been found.
Related violations: <none>

REQP-1839#1 Warning
RAMB36 async control check  
The RAMB36E1 m1/memory_regfile_reg_0_0_0 has an input control pin m1/memory_regfile_reg_0_0_0/ADDRBWRADDR[0] (net: m1/ADDRBWRADDR[0]) which is driven by a register (m0/m1/o_iaddr_reg[2]_rep__0) that has an active asychronous set or reset. This may cause corruption of the memory contents and/or read values when the set/reset is asserted and is not analyzed by the default static timing analysis. It is suggested to eliminate the use of a set/reset to registers driving this RAMB pin or else use a synchronous reset in which the assertion of the reset is timed by default.
Related violations: <none>

REQP-1839#2 Warning
RAMB36 async control check  
The RAMB36E1 m1/memory_regfile_reg_0_0_0 has an input control pin m1/memory_regfile_reg_0_0_0/ADDRBWRADDR[10] (net: m1/memory_regfile_reg_0_0_3_0[10]) which is driven by a register (m0/m1/o_iaddr_reg[12]_rep) that has an active asychronous set or reset. This may cause corruption of the memory contents and/or read values when the set/reset is asserted and is not analyzed by the default static timing analysis. It is suggested to eliminate the use of a set/reset to registers driving this RAMB pin or else use a synchronous reset in which the assertion of the reset is timed by default.
Related violations: <none>

REQP-1839#3 Warning
RAMB36 async control check  
The RAMB36E1 m1/memory_regfile_reg_0_0_0 has an input control pin m1/memory_regfile_reg_0_0_0/ADDRBWRADDR[11] (net: m1/ADDRBWRADDR[11]) which is driven by a register (m0/m1/o_iaddr_reg[13]_rep__0) that has an active asychronous set or reset. This may cause corruption of the memory contents and/or read values when the set/reset is asserted and is not analyzed by the default static timing analysis. It is suggested to eliminate the use of a set/reset to registers driving this RAMB pin or else use a synchronous reset in which the assertion of the reset is timed by default.
Related violations: <none>

REQP-1839#4 Warning
RAMB36 async control check  
The RAMB36E1 m1/memory_regfile_reg_0_0_0 has an input control pin m1/memory_regfile_reg_0_0_0/ADDRBWRADDR[12] (net: m1/ADDRBWRADDR[12]) which is driven by a register (m0/m1/o_iaddr_reg[14]_rep__0) that has an active asychronous set or reset. This may cause corruption of the memory contents and/or read values when the set/reset is asserted and is not analyzed by the default static timing analysis. It is suggested to eliminate the use of a set/reset to registers driving this RAMB pin or else use a synchronous reset in which the assertion of the reset is timed by default.
Related violations: <none>

REQP-1839#5 Warning
RAMB36 async control check  
The RAMB36E1 m1/memory_regfile_reg_0_0_0 has an input control pin m1/memory_regfile_reg_0_0_0/ADDRBWRADDR[13] (net: m1/ADDRBWRADDR[13]) which is driven by a register (m0/m1/o_iaddr_reg[15]_rep__0) that has an active asychronous set or reset. This may cause corruption of the memory contents and/or read values when the set/reset is asserted and is not analyzed by the default static timing analysis. It is suggested to eliminate the use of a set/reset to registers driving this RAMB pin or else use a synchronous reset in which the assertion of the reset is timed by default.
Related violations: <none>

REQP-1839#6 Warning
RAMB36 async control check  
The RAMB36E1 m1/memory_regfile_reg_0_0_0 has an input control pin m1/memory_regfile_reg_0_0_0/ADDRBWRADDR[14] (net: m1/memory_regfile_reg_0_0_3_0[14]) which is driven by a register (m0/m1/o_iaddr_reg[16]_rep) that has an active asychronous set or reset. This may cause corruption of the memory contents and/or read values when the set/reset is asserted and is not analyzed by the default static timing analysis. It is suggested to eliminate the use of a set/reset to registers driving this RAMB pin or else use a synchronous reset in which the assertion of the reset is timed by default.
Related violations: <none>

REQP-1839#7 Warning
RAMB36 async control check  
The RAMB36E1 m1/memory_regfile_reg_0_0_0 has an input control pin m1/memory_regfile_reg_0_0_0/ADDRBWRADDR[1] (net: m1/ADDRBWRADDR[1]) which is driven by a register (m0/m1/o_iaddr_reg[3]_rep__0) that has an active asychronous set or reset. This may cause corruption of the memory contents and/or read values when the set/reset is asserted and is not analyzed by the default static timing analysis. It is suggested to eliminate the use of a set/reset to registers driving this RAMB pin or else use a synchronous reset in which the assertion of the reset is timed by default.
Related violations: <none>

REQP-1839#8 Warning
RAMB36 async control check  
The RAMB36E1 m1/memory_regfile_reg_0_0_0 has an input control pin m1/memory_regfile_reg_0_0_0/ADDRBWRADDR[2] (net: m1/memory_regfile_reg_0_0_3_0[2]) which is driven by a register (m0/m1/o_iaddr_reg[4]_rep) that has an active asychronous set or reset. This may cause corruption of the memory contents and/or read values when the set/reset is asserted and is not analyzed by the default static timing analysis. It is suggested to eliminate the use of a set/reset to registers driving this RAMB pin or else use a synchronous reset in which the assertion of the reset is timed by default.
Related violations: <none>

REQP-1839#9 Warning
RAMB36 async control check  
The RAMB36E1 m1/memory_regfile_reg_0_0_0 has an input control pin m1/memory_regfile_reg_0_0_0/ADDRBWRADDR[3] (net: m1/ADDRBWRADDR[3]) which is driven by a register (m0/m1/o_iaddr_reg[5]_rep__0) that has an active asychronous set or reset. This may cause corruption of the memory contents and/or read values when the set/reset is asserted and is not analyzed by the default static timing analysis. It is suggested to eliminate the use of a set/reset to registers driving this RAMB pin or else use a synchronous reset in which the assertion of the reset is timed by default.
Related violations: <none>

REQP-1839#10 Warning
RAMB36 async control check  
The RAMB36E1 m1/memory_regfile_reg_0_0_0 has an input control pin m1/memory_regfile_reg_0_0_0/ADDRBWRADDR[4] (net: m1/ADDRBWRADDR[4]) which is driven by a register (m0/m1/o_iaddr_reg[6]_rep__0) that has an active asychronous set or reset. This may cause corruption of the memory contents and/or read values when the set/reset is asserted and is not analyzed by the default static timing analysis. It is suggested to eliminate the use of a set/reset to registers driving this RAMB pin or else use a synchronous reset in which the assertion of the reset is timed by default.
Related violations: <none>

REQP-1839#11 Warning
RAMB36 async control check  
The RAMB36E1 m1/memory_regfile_reg_0_0_0 has an input control pin m1/memory_regfile_reg_0_0_0/ADDRBWRADDR[5] (net: m1/ADDRBWRADDR[5]) which is driven by a register (m0/m1/o_iaddr_reg[7]_rep__0) that has an active asychronous set or reset. This may cause corruption of the memory contents and/or read values when the set/reset is asserted and is not analyzed by the default static timing analysis. It is suggested to eliminate the use of a set/reset to registers driving this RAMB pin or else use a synchronous reset in which the assertion of the reset is timed by default.
Related violations: <none>

REQP-1839#12 Warning
RAMB36 async control check  
The RAMB36E1 m1/memory_regfile_reg_0_0_0 has an input control pin m1/memory_regfile_reg_0_0_0/ADDRBWRADDR[6] (net: m1/memory_regfile_reg_0_0_3_0[6]) which is driven by a register (m0/m1/o_iaddr_reg[8]_rep) that has an active asychronous set or reset. This may cause corruption of the memory contents and/or read values when the set/reset is asserted and is not analyzed by the default static timing analysis. It is suggested to eliminate the use of a set/reset to registers driving this RAMB pin or else use a synchronous reset in which the assertion of the reset is timed by default.
Related violations: <none>

REQP-1839#13 Warning
RAMB36 async control check  
The RAMB36E1 m1/memory_regfile_reg_0_0_0 has an input control pin m1/memory_regfile_reg_0_0_0/ADDRBWRADDR[7] (net: m1/ADDRBWRADDR[7]) which is driven by a register (m0/m1/o_iaddr_reg[9]_rep__0) that has an active asychronous set or reset. This may cause corruption of the memory contents and/or read values when the set/reset is asserted and is not analyzed by the default static timing analysis. It is suggested to eliminate the use of a set/reset to registers driving this RAMB pin or else use a synchronous reset in which the assertion of the reset is timed by default.
Related violations: <none>

REQP-1839#14 Warning
RAMB36 async control check  
The RAMB36E1 m1/memory_regfile_reg_0_0_0 has an input control pin m1/memory_regfile_reg_0_0_0/ADDRBWRADDR[8] (net: m1/ADDRBWRADDR[8]) which is driven by a register (m0/m1/o_iaddr_reg[10]_rep__0) that has an active asychronous set or reset. This may cause corruption of the memory contents and/or read values when the set/reset is asserted and is not analyzed by the default static timing analysis. It is suggested to eliminate the use of a set/reset to registers driving this RAMB pin or else use a synchronous reset in which the assertion of the reset is timed by default.
Related violations: <none>

REQP-1839#15 Warning
RAMB36 async control check  
The RAMB36E1 m1/memory_regfile_reg_0_0_0 has an input control pin m1/memory_regfile_reg_0_0_0/ADDRBWRADDR[9] (net: m1/ADDRBWRADDR[9]) which is driven by a register (m0/m1/o_iaddr_reg[11]_rep__0) that has an active asychronous set or reset. This may cause corruption of the memory contents and/or read values when the set/reset is asserted and is not analyzed by the default static timing analysis. It is suggested to eliminate the use of a set/reset to registers driving this RAMB pin or else use a synchronous reset in which the assertion of the reset is timed by default.
Related violations: <none>

REQP-1839#16 Warning
RAMB36 async control check  
The RAMB36E1 m1/memory_regfile_reg_0_0_0 has an input control pin m1/memory_regfile_reg_0_0_0/ENARDEN (net: m1/memory_regfile_reg_0_0_0_ENARDEN_cooolgate_en_sig_3) which is driven by a register (m0/m4/o_wb_cyc_data_reg) that has an active asychronous set or reset. This may cause corruption of the memory contents and/or read values when the set/reset is asserted and is not analyzed by the default static timing analysis. It is suggested to eliminate the use of a set/reset to registers driving this RAMB pin or else use a synchronous reset in which the assertion of the reset is timed by default.
Related violations: <none>

REQP-1839#17 Warning
RAMB36 async control check  
The RAMB36E1 m1/memory_regfile_reg_0_0_0 has an input control pin m1/memory_regfile_reg_0_0_0/ENARDEN (net: m1/memory_regfile_reg_0_0_0_ENARDEN_cooolgate_en_sig_3) which is driven by a register (m0/m4/o_wb_stb_data_reg) that has an active asychronous set or reset. This may cause corruption of the memory contents and/or read values when the set/reset is asserted and is not analyzed by the default static timing analysis. It is suggested to eliminate the use of a set/reset to registers driving this RAMB pin or else use a synchronous reset in which the assertion of the reset is timed by default.
Related violations: <none>

REQP-1839#18 Warning
RAMB36 async control check  
The RAMB36E1 m1/memory_regfile_reg_0_0_0 has an input control pin m1/memory_regfile_reg_0_0_0/ENARDEN (net: m1/memory_regfile_reg_0_0_0_ENARDEN_cooolgate_en_sig_3) which is driven by a register (m0/m4/o_wb_we_data_reg) that has an active asychronous set or reset. This may cause corruption of the memory contents and/or read values when the set/reset is asserted and is not analyzed by the default static timing analysis. It is suggested to eliminate the use of a set/reset to registers driving this RAMB pin or else use a synchronous reset in which the assertion of the reset is timed by default.
Related violations: <none>

REQP-1839#19 Warning
RAMB36 async control check  
The RAMB36E1 m1/memory_regfile_reg_0_0_0 has an input control pin m1/memory_regfile_reg_0_0_0/ENBWREN (net: m1/memory_regfile_reg_0_0_0_ENBWREN_cooolgate_en_sig_35) which is driven by a register (m0/m4/o_wb_stb_data_reg) that has an active asychronous set or reset. This may cause corruption of the memory contents and/or read values when the set/reset is asserted and is not analyzed by the default static timing analysis. It is suggested to eliminate the use of a set/reset to registers driving this RAMB pin or else use a synchronous reset in which the assertion of the reset is timed by default.
Related violations: <none>

REQP-1839#20 Warning
RAMB36 async control check  
The RAMB36E1 m1/memory_regfile_reg_0_0_0 has an input control pin m1/memory_regfile_reg_0_0_0/ENBWREN (net: m1/memory_regfile_reg_0_0_0_ENBWREN_cooolgate_en_sig_35) which is driven by a register (m0/m4/o_wb_we_data_reg) that has an active asychronous set or reset. This may cause corruption of the memory contents and/or read values when the set/reset is asserted and is not analyzed by the default static timing analysis. It is suggested to eliminate the use of a set/reset to registers driving this RAMB pin or else use a synchronous reset in which the assertion of the reset is timed by default.
Related violations: <none>

RPBF-3#1 Warning
IO port buffering is incomplete  
Device port i2c_scl expects both input and output buffering but the buffers are incomplete.
Related violations: <none>


