#-----------------------------------------------------------
# Vivado v2019.2 (64-bit)
# SW Build 2708876 on Wed Nov  6 21:39:14 MST 2019
# IP Build 2700528 on Thu Nov  7 00:09:20 MST 2019
# Start of session at: Sat Jul  4 19:18:20 2026
# Process ID: 24415
# Current directory: /home/liku/Documents/Nit_intern_project/RISC-V/Vivado Files
# Command line: vivado -mode tcl -source run_vivado_buildonly.tcl
# Log file: /home/liku/Documents/Nit_intern_project/RISC-V/Vivado Files/vivado.log
# Journal file: /home/liku/Documents/Nit_intern_project/RISC-V/Vivado Files/vivado.jou
#-----------------------------------------------------------
source run_vivado_buildonly.tcl
# set base "/home/liku/Documents/Nit_intern_project/RISC-V"
# set vfiles "$base/Vivado Files"
# set outputDir "$vfiles/runs"
# file delete -force $outputDir
# file mkdir $outputDir
# read_verilog -sv [ glob $base/rtl/*.v ]
# read_verilog -sv $base/test/rv32i_soc.v
# read_mem $base/test/memory.mem
# read_xdc $vfiles/Basys3-RISCV.xdc
ERROR: [Common 17-275] File does not exist [/home/liku/Documents/Nit_intern_project/RISC-V/Vivado Files/Files/Basys3-RISCV.xdc]
INFO: [Common 17-206] Exiting Vivado at Sat Jul  4 19:19:08 2026...
